  main.cpp
c:\users\ddous\desktop\gameservertermproject_final ver2\gamesever_termproject\gamesever_termproject\main.cpp(191): warning C4996: 'strcpy': This function or variable may be unsafe. Consider using strcpy_s instead. To disable deprecation, use _CRT_SECURE_NO_WARNINGS. See online help for details.
  c:\program files (x86)\windows kits\10\include\10.0.17134.0\ucrt\string.h(133): note: 'strcpy' 선언을 참조하십시오.
c:\users\ddous\desktop\gameservertermproject_final ver2\gamesever_termproject\gamesever_termproject\main.cpp(264): warning C4244: '초기화 중': 'lua_Number'에서 'int'(으)로 변환하면서 데이터가 손실될 수 있습니다.
c:\users\ddous\desktop\gameservertermproject_final ver2\gamesever_termproject\gamesever_termproject\main.cpp(270): warning C4244: '초기화 중': 'lua_Number'에서 'int'(으)로 변환하면서 데이터가 손실될 수 있습니다.
c:\users\ddous\desktop\gameservertermproject_final ver2\gamesever_termproject\gamesever_termproject\main.cpp(279): warning C4101: 'wlen' :참조되지 않은 지역 변수입니다.
c:\users\ddous\desktop\gameservertermproject_final ver2\gamesever_termproject\gamesever_termproject\main.cpp(512): warning C4474: 'printf' : 서식 문자열에 전달된 인수가 너무 많습니다.
  c:\users\ddous\desktop\gameservertermproject_final ver2\gamesever_termproject\gamesever_termproject\main.cpp(512): note: 자리 표시자 및 해당 매개 변수에는 variadic 인수가 0개 필요하지만 1개가 제공되었습니다.
c:\users\ddous\desktop\gameservertermproject_final ver2\gamesever_termproject\gamesever_termproject\main.cpp(1206): warning C4996: 'strcpy': This function or variable may be unsafe. Consider using strcpy_s instead. To disable deprecation, use _CRT_SECURE_NO_WARNINGS. See online help for details.
  c:\program files (x86)\windows kits\10\include\10.0.17134.0\ucrt\string.h(133): note: 'strcpy' 선언을 참조하십시오.
c:\users\ddous\desktop\gameservertermproject_final ver2\gamesever_termproject\gamesever_termproject\main.cpp(1284): warning C4996: 'strcpy': This function or variable may be unsafe. Consider using strcpy_s instead. To disable deprecation, use _CRT_SECURE_NO_WARNINGS. See online help for details.
  c:\program files (x86)\windows kits\10\include\10.0.17134.0\ucrt\string.h(133): note: 'strcpy' 선언을 참조하십시오.
c:\users\ddous\desktop\gameservertermproject_final ver2\gamesever_termproject\gamesever_termproject\main.cpp(1424): error C2664: 'BOOL GetQueuedCompletionStatus(HANDLE,LPDWORD,PULONG_PTR,LPOVERLAPPED *,DWORD)': 인수 3을(를) 'unsigned __int64 *'에서 'PULONG_PTR'(으)로 변환할 수 없습니다.
  c:\users\ddous\desktop\gameservertermproject_final ver2\gamesever_termproject\gamesever_termproject\main.cpp(1424): note: 가리킨 형식이 관련이 없습니다. 변환하려면 reinterpret_cast, C 스타일 캐스트 또는 함수 스타일 캐스트가 필요합니다.
c:\users\ddous\desktop\gameservertermproject_final ver2\gamesever_termproject\gamesever_termproject\main.cpp(1434): warning C4244: '인수': 'unsigned __int64'에서 'int'(으)로 변환하면서 데이터가 손실될 수 있습니다.
c:\users\ddous\desktop\gameservertermproject_final ver2\gamesever_termproject\gamesever_termproject\main.cpp(1458): warning C4244: '인수': 'unsigned __int64'에서 'int'(으)로 변환하면서 데이터가 손실될 수 있습니다.
c:\users\ddous\desktop\gameservertermproject_final ver2\gamesever_termproject\gamesever_termproject\main.cpp(1502): warning C4244: '인수': 'unsigned __int64'에서 'lua_Number'(으)로 변환하면서 데이터가 손실될 수 있습니다.
c:\users\ddous\desktop\gameservertermproject_final ver2\gamesever_termproject\gamesever_termproject\main.cpp(1526): warning C4474: 'printf' : 서식 문자열에 전달된 인수가 너무 많습니다.
  c:\users\ddous\desktop\gameservertermproject_final ver2\gamesever_termproject\gamesever_termproject\main.cpp(1526): note: 자리 표시자 및 해당 매개 변수에는 variadic 인수가 0개 필요하지만 1개가 제공되었습니다.
c:\users\ddous\desktop\gameservertermproject_final ver2\gamesever_termproject\gamesever_termproject\main.cpp(1615): warning C4996: 'sprintf': This function or variable may be unsafe. Consider using sprintf_s instead. To disable deprecation, use _CRT_SECURE_NO_WARNINGS. See online help for details.
  c:\program files (x86)\windows kits\10\include\10.0.17134.0\ucrt\stdio.h(1774): note: 'sprintf' 선언을 참조하십시오.
c:\users\ddous\desktop\gameservertermproject_final ver2\gamesever_termproject\gamesever_termproject\main.cpp(1660): warning C4244: '인수': 'time_t'에서 'unsigned int'(으)로 변환하면서 데이터가 손실될 수 있습니다.
